<?xml version="1.0" encoding="utf-8"?><testsuites name="pytest tests"><testsuite name="pytest" errors="0" failures="1" skipped="0" tests="18" time="3.296" timestamp="2026-06-21T03:55:12.766078+00:00" hostname="agent-env-22236e64-8156-463d-8f53-7922414be17f"><testcase classname="backend.tests.backend_test" name="test_login_demo" time="0.799" /><testcase classname="backend.tests.backend_test" name="test_login_invalid" time="0.133" /><testcase classname="backend.tests.backend_test" name="test_register_and_me" time="0.408"><failure message="AssertionError: Internal Server Error&#10;assert 500 == 200&#10; +  where 500 = &lt;Response [500]&gt;.status_code">backend/tests/backend_test.py:32: in test_register_and_me
    assert r.status_code == 200, r.text
E   AssertionError: Internal Server Error
E   assert 500 == 200
E    +  where 500 = &lt;Response [500]&gt;.status_code</failure></testcase><testcase classname="backend.tests.backend_test" name="test_me_unauthed" time="0.117" /><testcase classname="backend.tests.backend_test" name="test_carbon_summary" time="0.048" /><testcase classname="backend.tests.backend_test" name="test_carbon_predict" time="0.049" /><testcase classname="backend.tests.backend_test" name="test_carbon_entry_and_persist" time="0.099" /><testcase classname="backend.tests.backend_test" name="test_coach_tip" time="0.133" /><testcase classname="backend.tests.backend_test" name="test_coach_history" time="0.047" /><testcase classname="backend.tests.backend_test" name="test_challenges_flow" time="0.194" /><testcase classname="backend.tests.backend_test" name="test_leaderboard" time="0.147" /><testcase classname="backend.tests.backend_test" name="test_climate_facts" time="0.158" /><testcase classname="backend.tests.backend_test" name="test_climate_articles" time="0.107" /><testcase classname="backend.tests.backend_test" name="test_quizzes_and_submit" time="0.165" /><testcase classname="backend.tests.backend_test" name="test_global_stats" time="0.102" /><testcase classname="backend.tests.backend_test" name="test_what_if" time="0.125" /><testcase classname="backend.tests.backend_test" name="test_export_csv" time="0.048" /><testcase classname="backend.tests.backend_test" name="test_logout" time="0.045" /></testsuite></testsuites>